Arguments: 
  C:\Program Files\nodejs\node.exe C:\Users\jaewon\AppData\Roaming\npm\node_modules\yarn\bin\yarn.js add ReactDOM

PATH: 
  C:\Program Files\Git\mingw64\bin;C:\Program Files\Git\usr\bin;C:\Users\jaewon\bin;C:\Windows\system32;C:\Windows;C:\Windows\System32\Wbem;C:\Windows\System32\WindowsPowerShell\v1.0;C:\Program Files (x86)\NVIDIA Corporation\PhysX\Common;C:\Program Files\nodejs;C:\Program Files\Git\cmd;C:\Program Files\PuTTY;C:\Program Files\mingw-w64\x86_64-8.1.0-posix-seh-rt_v6-rev0\mingw64\bin;C:\Program Files\MySQL\MySQL Shell 8.0\bin;C:\Users\jaewon\AppData\Local\Microsoft\WindowsApps;C:\Users\jaewon\AppData\Roaming\npm;C:\Program Files\Bandizip;C:\Users\jaewon\AppData\Local\Programs\Microsoft VS Code\bin;C:\Users\jaewon\AppData\Local\Programs\Python\Python37-32;C:\Users\jaewon\AppData\Local\atom\bin;C:\Program Files\heroku\bin;C:\src\flutter\bin;C:\Program Files\MySQL\MySQL Server 8.0\bin

Yarn version: 
  1.17.3

Node version: 
  10.16.3

Platform: 
  win32 x64

Trace: 
  Error: https://registry.yarnpkg.com/ReactDOM: Not found
      at Request.params.callback [as _callback] (C:\Users\jaewon\AppData\Roaming\npm\node_modules\yarn\lib\cli.js:66830:18)
      at Request.self.callback (C:\Users\jaewon\AppData\Roaming\npm\node_modules\yarn\lib\cli.js:140464:22)
      at Request.emit (events.js:198:13)
      at Request.<anonymous> (C:\Users\jaewon\AppData\Roaming\npm\node_modules\yarn\lib\cli.js:141436:10)
      at Request.emit (events.js:198:13)
      at IncomingMessage.<anonymous> (C:\Users\jaewon\AppData\Roaming\npm\node_modules\yarn\lib\cli.js:141358:12)
      at Object.onceWrapper (events.js:286:20)
      at IncomingMessage.emit (events.js:203:15)
      at endReadableNT (_stream_readable.js:1145:12)
      at process._tickCallback (internal/process/next_tick.js:63:19)

npm manifest: 
  No manifest

yarn manifest: 
  No manifest

Lockfile: 
  No lockfile
